* This is the StructMobWeight report file that is output every time the server starts.
* 
* Spawn Balance Utility (SBU) will use this file ONLY if it is renamed to StructMobWeight.csv.
* Lines starting with '*' are comments and ignored
* It allows you to add and remove mobs and adjust their spawnweights for Structures
* like shipwrecks, nether fortresses, water monuments, etc.
* 
1, mvs:acacia_log_pile, HEADING, header:ignore, 0, 0, 0
2, mvs:acacia_tree, HEADING, header:ignore, 0, 0, 0
3, mvs:acacia_well, HEADING, header:ignore, 0, 0, 0
4, irons_spellbooks:ancient_battleground, HEADING, header:ignore, 0, 0, 0
5, minecraft:ancient_city, HEADING, header:ignore, 0, 0, 0
6, ancient_aether:ancient_dungeon, HEADING, header:ignore, 0, 0, 0
7, brine:ancient_ruins, HEADING, header:ignore, 0, 0, 0
8, betterarcheology:archeologist_camp_grassy, HEADING, header:ignore, 0, 0, 0
9, betterarcheology:archeologist_camp_redsand, HEADING, header:ignore, 0, 0, 0
10, betterarcheology:archeologist_camp_sand, HEADING, header:ignore, 0, 0, 0
11, mes:astral_hideaway, HEADING, header:ignore, 0, 0, 0
12, mes:astral_meteorite, HEADING, header:ignore, 0, 0, 0
13, mvs:azelea_house, HEADING, header:ignore, 0, 0, 0
14, bakery:bakery, HEADING, header:ignore, 0, 0, 0
15, bakery:bakery, CREATURE, minecraft:pig, 10, 1, 4
16, mvs:barn, HEADING, header:ignore, 0, 0, 0
17, minecraft:bastion_remnant, HEADING, header:ignore, 0, 0, 0
18, mvs:beach_bar, HEADING, header:ignore, 0, 0, 0
19, beachparty:beach_hut, HEADING, header:ignore, 0, 0, 0
20, mvs:bee_dome, HEADING, header:ignore, 0, 0, 0
21, meadow:bench, HEADING, header:ignore, 0, 0, 0
22, meadow:bench, CREATURE, minecraft:pig, 10, 1, 4
23, mvs:bench, HEADING, header:ignore, 0, 0, 0
24, mvs:big_oak_tree, HEADING, header:ignore, 0, 0, 0
25, mvs:birch_log_pile, HEADING, header:ignore, 0, 0, 0
26, mvs:birch_tree, HEADING, header:ignore, 0, 0, 0
27, mvs:birch_well, HEADING, header:ignore, 0, 0, 0
28, mvs:blue_stall, HEADING, header:ignore, 0, 0, 0
29, mvs:boulder, HEADING, header:ignore, 0, 0, 0
30, deep_aether:brass_dungeon, HEADING, header:ignore, 0, 0, 0
31, brewery:brewfest_tent, HEADING, header:ignore, 0, 0, 0
32, aether:bronze_dungeon, HEADING, header:ignore, 0, 0, 0
33, betterarcheology:buried_ruins_sand, HEADING, header:ignore, 0, 0, 0
34, minecraft:buried_treasure, HEADING, header:ignore, 0, 0, 0
35, mvs:campsite, HEADING, header:ignore, 0, 0, 0
36, mvs:cart, HEADING, header:ignore, 0, 0, 0
37, mvs:cartographer_tower, HEADING, header:ignore, 0, 0, 0
38, mvs:castle_ruins, HEADING, header:ignore, 0, 0, 0
39, betterarcheology:catacombs, HEADING, header:ignore, 0, 0, 0
40, irons_spellbooks:catacombs, HEADING, header:ignore, 0, 0, 0
41, irons_spellbooks:catacombs, MONSTER, irons_spellbooks:catacombs_zombie, 10, 1, 1
42, irons_spellbooks:catacombs, MONSTER, minecraft:skeleton, 10, 1, 1
43, irons_spellbooks:catacombs, MONSTER, irons_spellbooks:necromancer, 10, 1, 1
44, mvs:cathedral, HEADING, header:ignore, 0, 0, 0
45, mvs:cathedral, MONSTER, minecraft:skeleton, 10, 1, 2
46, mvs:cathedral, MONSTER, minecraft:zombie, 10, 2, 5
47, meadow:chalet, HEADING, header:ignore, 0, 0, 0
48, meadow:chapel, HEADING, header:ignore, 0, 0, 0
49, mvs:cherry_tree, HEADING, header:ignore, 0, 0, 0
50, mns:circle_blackstone, HEADING, header:ignore, 0, 0, 0
51, mns:circle_nether_brick, HEADING, header:ignore, 0, 0, 0
52, mns:copper_tower, HEADING, header:ignore, 0, 0, 0
53, mvs:crimson_enchanting_table, HEADING, header:ignore, 0, 0, 0
54, mvs:crystal, HEADING, header:ignore, 0, 0, 0
55, mvs:dark_oak_log_pile, HEADING, header:ignore, 0, 0, 0
56, mvs:dark_oak_tree, HEADING, header:ignore, 0, 0, 0
57, mvs:dark_oak_well, HEADING, header:ignore, 0, 0, 0
58, mvs:dead_tree_acacia, HEADING, header:ignore, 0, 0, 0
59, mvs:dead_tree_birch, HEADING, header:ignore, 0, 0, 0
60, mvs:dead_tree_cherry, HEADING, header:ignore, 0, 0, 0
61, mvs:dead_tree_dark_oak, HEADING, header:ignore, 0, 0, 0
62, mvs:dead_tree_jungle, HEADING, header:ignore, 0, 0, 0
63, mvs:dead_tree_mangrove, HEADING, header:ignore, 0, 0, 0
64, mvs:dead_tree_oak, HEADING, header:ignore, 0, 0, 0
65, mvs:dead_tree_spruce, HEADING, header:ignore, 0, 0, 0
66, mvs:deepslate_house, HEADING, header:ignore, 0, 0, 0
67, mvs:desert_house, HEADING, header:ignore, 0, 0, 0
68, betterarcheology:desert_obelisk, HEADING, header:ignore, 0, 0, 0
69, mvs:desert_pump, HEADING, header:ignore, 0, 0, 0
70, minecraft:desert_pyramid, HEADING, header:ignore, 0, 0, 0
71, betterdeserttemples:desert_temple, HEADING, header:ignore, 0, 0, 0
72, betterdeserttemples:desert_temple, MONSTER, minecraft:husk, 80, 10, 32
73, betterdeserttemples:desert_temple, CREATURE, minecraft:cat, 80, 4, 4
74, betterdeserttemples:desert_temple, CREATURE, minecraft:rabbit, 80, 4, 4
75, mvs:desert_well, HEADING, header:ignore, 0, 0, 0
76, mvs:duck, HEADING, header:ignore, 0, 0, 0
77, endergetic:eetle_nest, HEADING, header:ignore, 0, 0, 0
78, endergetic:eetle_nest, MONSTER, endergetic:charger_eetle, 12, 3, 7
79, endergetic:eetle_nest, MONSTER, endergetic:glider_eetle, 10, 3, 6
80, minecraft:end_city, HEADING, header:ignore, 0, 0, 0
81, minecraft:end_city, MONSTER, alexsmobs:mimicube, 40, 1, 3
82, mvs:end_scraps_1, HEADING, header:ignore, 0, 0, 0
83, mvs:end_scraps_2, HEADING, header:ignore, 0, 0, 0
84, mvs:end_scraps_3, HEADING, header:ignore, 0, 0, 0
85, mvs:end_scraps_4, HEADING, header:ignore, 0, 0, 0
86, mvs:end_well, HEADING, header:ignore, 0, 0, 0
87, mes:ender_spire, HEADING, header:ignore, 0, 0, 0
88, mes:enderbloom_grove, HEADING, header:ignore, 0, 0, 0
89, mes:enderkeep_courtyard, HEADING, header:ignore, 0, 0, 0
90, mes:enderpin_spikes, HEADING, header:ignore, 0, 0, 0
91, mes:enderskog, HEADING, header:ignore, 0, 0, 0
92, mes:enderwatch_tower, HEADING, header:ignore, 0, 0, 0
93, mes:endscraps, HEADING, header:ignore, 0, 0, 0
94, irons_spellbooks:evoker_fort, HEADING, header:ignore, 0, 0, 0
95, irons_spellbooks:evoker_fort, MONSTER, minecraft:pillager, 10, 2, 3
96, irons_spellbooks:evoker_fort, MONSTER, minecraft:vindicator, 10, 4, 4
97, beachparty:excavated_treasure, HEADING, header:ignore, 0, 0, 0
98, towns_and_towers:exclusives/pillager_outpost_classic, HEADING, header:ignore, 0, 0, 0
99, towns_and_towers:exclusives/pillager_outpost_classic, MONSTER, minecraft:pillager, 10, 1, 2
100, towns_and_towers:exclusives/pillager_outpost_iberian, HEADING, header:ignore, 0, 0, 0
101, towns_and_towers:exclusives/pillager_outpost_iberian, MONSTER, minecraft:pillager, 10, 1, 2
102, towns_and_towers:exclusives/pillager_outpost_mediterranean, HEADING, header:ignore, 0, 0, 0
103, towns_and_towers:exclusives/pillager_outpost_mediterranean, MONSTER, minecraft:pillager, 10, 1, 2
104, towns_and_towers:exclusives/pillager_outpost_oriental, HEADING, header:ignore, 0, 0, 0
105, towns_and_towers:exclusives/pillager_outpost_oriental, MONSTER, minecraft:pillager, 10, 1, 2
106, towns_and_towers:exclusives/pillager_outpost_rustic, HEADING, header:ignore, 0, 0, 0
107, towns_and_towers:exclusives/pillager_outpost_rustic, MONSTER, minecraft:pillager, 10, 1, 2
108, towns_and_towers:exclusives/pillager_outpost_swedish, HEADING, header:ignore, 0, 0, 0
109, towns_and_towers:exclusives/pillager_outpost_swedish, MONSTER, minecraft:pillager, 10, 1, 2
110, towns_and_towers:exclusives/pillager_outpost_tudor, HEADING, header:ignore, 0, 0, 0
111, towns_and_towers:exclusives/pillager_outpost_tudor, MONSTER, minecraft:pillager, 10, 1, 2
112, towns_and_towers:exclusives/village_classic, HEADING, header:ignore, 0, 0, 0
113, towns_and_towers:exclusives/village_iberian, HEADING, header:ignore, 0, 0, 0
114, towns_and_towers:exclusives/village_mediterranean, HEADING, header:ignore, 0, 0, 0
115, towns_and_towers:exclusives/village_nilotic, HEADING, header:ignore, 0, 0, 0
116, towns_and_towers:exclusives/village_piglin, HEADING, header:ignore, 0, 0, 0
117, towns_and_towers:exclusives/village_piglin, MONSTER, minecraft:piglin, 10, 6, 8
118, towns_and_towers:exclusives/village_piglin, MONSTER, minecraft:piglin_brute, 10, 2, 3
119, towns_and_towers:exclusives/village_rustic, HEADING, header:ignore, 0, 0, 0
120, towns_and_towers:exclusives/village_swedish, HEADING, header:ignore, 0, 0, 0
121, towns_and_towers:exclusives/village_tudor, HEADING, header:ignore, 0, 0, 0
122, towns_and_towers:exclusives/village_wandering_trader_camp, HEADING, header:ignore, 0, 0, 0
123, tetra:extractor_ruin, HEADING, header:ignore, 0, 0, 0
124, mvs:fire_camp, HEADING, header:ignore, 0, 0, 0
125, mvs:floating_islands, HEADING, header:ignore, 0, 0, 0
126, mvs:flower_hole, HEADING, header:ignore, 0, 0, 0
127, betterfortresses:fortress, HEADING, header:ignore, 0, 0, 0
128, betterfortresses:fortress, MONSTER, minecraft:blaze, 10, 2, 3
129, betterfortresses:fortress, MONSTER, minecraft:zombified_piglin, 10, 4, 4
130, betterfortresses:fortress, MONSTER, minecraft:wither_skeleton, 10, 5, 5
131, betterfortresses:fortress, MONSTER, minecraft:skeleton, 10, 5, 5
132, betterfortresses:fortress, MONSTER, minecraft:magma_cube, 10, 4, 4
133, minecraft:fortress, HEADING, header:ignore, 0, 0, 0
134, minecraft:fortress, MONSTER, minecraft:blaze, 10, 2, 3
135, minecraft:fortress, MONSTER, minecraft:zombified_piglin, 10, 4, 4
136, minecraft:fortress, MONSTER, minecraft:wither_skeleton, 10, 5, 5
137, minecraft:fortress, MONSTER, minecraft:skeleton, 10, 5, 5
138, minecraft:fortress, MONSTER, minecraft:magma_cube, 10, 4, 4
139, betterarcheology:fossil_chicken, HEADING, header:ignore, 0, 0, 0
140, betterarcheology:fossil_chicken_birch, HEADING, header:ignore, 0, 0, 0
141, betterarcheology:fossil_creeper, HEADING, header:ignore, 0, 0, 0
142, betterarcheology:fossil_jungle_0, HEADING, header:ignore, 0, 0, 0
143, betterarcheology:fossil_jungle_1, HEADING, header:ignore, 0, 0, 0
144, betterarcheology:fossil_sheep_0, HEADING, header:ignore, 0, 0, 0
145, betterarcheology:fossil_wolf, HEADING, header:ignore, 0, 0, 0
146, mvs:fox_hut, HEADING, header:ignore, 0, 0, 0
147, mvs:gallows, HEADING, header:ignore, 0, 0, 0
148, mns:giant_skull, HEADING, header:ignore, 0, 0, 0
149, aether:gold_dungeon, HEADING, header:ignore, 0, 0, 0
150, mns:grave_yard, HEADING, header:ignore, 0, 0, 0
151, mvs:haystack, HEADING, header:ignore, 0, 0, 0
152, ancient_aether:holystone_ruin, HEADING, header:ignore, 0, 0, 0
153, mvs:horse_campsite, HEADING, header:ignore, 0, 0, 0
154, mvs:horse_pen, HEADING, header:ignore, 0, 0, 0
155, mvs:house, HEADING, header:ignore, 0, 0, 0
156, brine:ice_islands, HEADING, header:ignore, 0, 0, 0
157, minecraft:igloo, HEADING, header:ignore, 0, 0, 0
158, irons_spellbooks:impaled_icebreaker, HEADING, header:ignore, 0, 0, 0
159, mvs:jungle_log_pile, HEADING, header:ignore, 0, 0, 0
160, mvs:jungle_palm_tree, HEADING, header:ignore, 0, 0, 0
161, minecraft:jungle_pyramid, HEADING, header:ignore, 0, 0, 0
162, betterjungletemples:jungle_temple, HEADING, header:ignore, 0, 0, 0
163, mvs:jungle_tower, HEADING, header:ignore, 0, 0, 0
164, mvs:jungle_tree, HEADING, header:ignore, 0, 0, 0
165, mvs:jungle_well, HEADING, header:ignore, 0, 0, 0
166, mvs:lamp_chest, HEADING, header:ignore, 0, 0, 0
167, aether:large_aercloud, HEADING, header:ignore, 0, 0, 0
168, mns:large_blackstone_pillars, HEADING, header:ignore, 0, 0, 0
169, mns:large_blackstone_walls, HEADING, header:ignore, 0, 0, 0
170, mvs:large_cart_1, HEADING, header:ignore, 0, 0, 0
171, mvs:large_cart_2, HEADING, header:ignore, 0, 0, 0
172, mvs:large_floating_island, HEADING, header:ignore, 0, 0, 0
173, mvs:large_mushroom, HEADING, header:ignore, 0, 0, 0
174, mns:large_nether_brick, HEADING, header:ignore, 0, 0, 0
175, mvs:large_warped_tower, HEADING, header:ignore, 0, 0, 0
176, mns:lava_pool, HEADING, header:ignore, 0, 0, 0
177, mns:leafy_rubble, HEADING, header:ignore, 0, 0, 0
178, mvs:lecturn_garden, HEADING, header:ignore, 0, 0, 0
179, betterarcheology:light_temple, HEADING, header:ignore, 0, 0, 0
180, mvs:log_ruin, HEADING, header:ignore, 0, 0, 0
181, meadow:logging_camp, HEADING, header:ignore, 0, 0, 0
182, meadow:logging_camp, CREATURE, minecraft:pig, 10, 1, 4
183, irons_spellbooks:mangrove_hut, HEADING, header:ignore, 0, 0, 0
184, minecraft:mansion, HEADING, header:ignore, 0, 0, 0
185, mes:manuscript_shrine, HEADING, header:ignore, 0, 0, 0
186, mvs:medium_bamboo_cart, HEADING, header:ignore, 0, 0, 0
187, mns:medium_blackstone, HEADING, header:ignore, 0, 0, 0
188, mns:medium_crimson_fungus, HEADING, header:ignore, 0, 0, 0
189, mns:medium_crimson_fungus_2, HEADING, header:ignore, 0, 0, 0
190, mns:medium_crimson_well, HEADING, header:ignore, 0, 0, 0
191, mns:medium_house, HEADING, header:ignore, 0, 0, 0
192, mns:medium_house_2, HEADING, header:ignore, 0, 0, 0
193, mvs:medium_igloo_1, HEADING, header:ignore, 0, 0, 0
194, mvs:medium_igloo_2, HEADING, header:ignore, 0, 0, 0
195, mvs:medium_oak_lantern, HEADING, header:ignore, 0, 0, 0
196, mns:medium_warped_fungus, HEADING, header:ignore, 0, 0, 0
197, mns:medium_warped_fungus_2, HEADING, header:ignore, 0, 0, 0
198, mns:medium_warped_well, HEADING, header:ignore, 0, 0, 0
199, mes:mega_ship, HEADING, header:ignore, 0, 0, 0
200, mes:mega_ship, MONSTER, minecraft:shulker, 10, 2, 3
201, mes:mega_ship_basic, HEADING, header:ignore, 0, 0, 0
202, mes:mega_ship_basic, MONSTER, minecraft:shulker, 10, 2, 3
203, mes:mega_ship_basic, MONSTER, minecraft:enderman, 10, 3, 5
204, mes:mega_ship_crashed, HEADING, header:ignore, 0, 0, 0
205, mes:mega_ship_crashed, MONSTER, minecraft:shulker, 10, 2, 3
206, mes:mega_ship_crashed_2, HEADING, header:ignore, 0, 0, 0
207, mes:mega_ship_crashed_2, MONSTER, minecraft:shulker, 10, 2, 3
208, mes:mega_ship_crashed_deepslate, HEADING, header:ignore, 0, 0, 0
209, mes:mega_ship_crashed_deepslate, MONSTER, minecraft:shulker, 10, 1, 2
210, mes:mega_ship_deepslate, HEADING, header:ignore, 0, 0, 0
211, mes:mega_ship_deepslate, MONSTER, minecraft:shulker, 10, 2, 3
212, mes:mega_ship_deepslate, MONSTER, minecraft:enderman, 10, 3, 5
213, mes:mega_ship_deepslate_2, HEADING, header:ignore, 0, 0, 0
214, mes:mega_ship_deepslate_2, MONSTER, minecraft:shulker, 10, 2, 3
215, mes:mega_ship_deepslate_2, MONSTER, minecraft:enderman, 10, 3, 5
216, mes:mega_ship_deepslate_3, HEADING, header:ignore, 0, 0, 0
217, mes:mega_ship_deepslate_3, MONSTER, minecraft:shulker, 10, 2, 3
218, mes:mega_ship_deepslate_3, MONSTER, minecraft:enderman, 10, 3, 5
219, betterarcheology:mesa_ruins, HEADING, header:ignore, 0, 0, 0
220, towns_and_towers:mimic_desert, HEADING, header:ignore, 0, 0, 0
221, mvs:mine_with_campsite, HEADING, header:ignore, 0, 0, 0
222, minecraft:mineshaft, HEADING, header:ignore, 0, 0, 0
223, minecraft:mineshaft, AMBIENT, alexsmobs:underminer, 50, 1, 1
224, mvs:mineshaft, HEADING, header:ignore, 0, 0, 0
225, bettermineshafts:mineshaft_acacia, HEADING, header:ignore, 0, 0, 0
226, bettermineshafts:mineshaft_acacia, AMBIENT, alexsmobs:underminer, 50, 1, 1
227, bettermineshafts:mineshaft_desert, HEADING, header:ignore, 0, 0, 0
228, bettermineshafts:mineshaft_desert, AMBIENT, alexsmobs:underminer, 50, 1, 1
229, bettermineshafts:mineshaft_dripstone, HEADING, header:ignore, 0, 0, 0
230, bettermineshafts:mineshaft_dripstone, AMBIENT, alexsmobs:underminer, 50, 1, 1
231, bettermineshafts:mineshaft_ice, HEADING, header:ignore, 0, 0, 0
232, bettermineshafts:mineshaft_ice, AMBIENT, alexsmobs:underminer, 50, 1, 1
233, bettermineshafts:mineshaft_jungle, HEADING, header:ignore, 0, 0, 0
234, bettermineshafts:mineshaft_jungle, AMBIENT, alexsmobs:underminer, 50, 1, 1
235, bettermineshafts:mineshaft_lush, HEADING, header:ignore, 0, 0, 0
236, bettermineshafts:mineshaft_lush, AMBIENT, alexsmobs:underminer, 50, 1, 1
237, bettermineshafts:mineshaft_mesa, HEADING, header:ignore, 0, 0, 0
238, bettermineshafts:mineshaft_mesa, AMBIENT, alexsmobs:underminer, 50, 1, 1
239, minecraft:mineshaft_mesa, HEADING, header:ignore, 0, 0, 0
240, minecraft:mineshaft_mesa, AMBIENT, alexsmobs:underminer, 50, 1, 1
241, bettermineshafts:mineshaft_mushroom, HEADING, header:ignore, 0, 0, 0
242, bettermineshafts:mineshaft_mushroom, AMBIENT, alexsmobs:underminer, 50, 1, 1
243, bettermineshafts:mineshaft_oak, HEADING, header:ignore, 0, 0, 0
244, bettermineshafts:mineshaft_oak, AMBIENT, alexsmobs:underminer, 50, 1, 1
245, bettermineshafts:mineshaft_overgrown, HEADING, header:ignore, 0, 0, 0
246, bettermineshafts:mineshaft_overgrown, AMBIENT, alexsmobs:underminer, 50, 1, 1
247, bettermineshafts:mineshaft_red_desert, HEADING, header:ignore, 0, 0, 0
248, bettermineshafts:mineshaft_red_desert, AMBIENT, alexsmobs:underminer, 50, 1, 1
249, bettermineshafts:mineshaft_spruce, HEADING, header:ignore, 0, 0, 0
250, bettermineshafts:mineshaft_spruce, AMBIENT, alexsmobs:underminer, 50, 1, 1
251, bettermineshafts:mineshaft_spruce_snowy, HEADING, header:ignore, 0, 0, 0
252, bettermineshafts:mineshaft_spruce_snowy, AMBIENT, alexsmobs:underminer, 50, 1, 1
253, mes:monolith, HEADING, header:ignore, 0, 0, 0
254, meadow:monument, HEADING, header:ignore, 0, 0, 0
255, meadow:monument, CREATURE, minecraft:pig, 10, 1, 4
256, minecraft:monument, HEADING, header:ignore, 0, 0, 0
257, minecraft:monument, MONSTER, minecraft:guardian, 10, 2, 4
258, betterarcheology:mott, HEADING, header:ignore, 0, 0, 0
259, irons_spellbooks:mountain_tower, HEADING, header:ignore, 0, 0, 0
260, mvs:mushroom_pond, HEADING, header:ignore, 0, 0, 0
261, mvs:mushroom_statue, HEADING, header:ignore, 0, 0, 0
262, mvs:mushroom_well, HEADING, header:ignore, 0, 0, 0
263, ancient_aether:mysterious_henge, HEADING, header:ignore, 0, 0, 0
264, mes:mythic_garden, HEADING, header:ignore, 0, 0, 0
265, mvs:nether_devil, HEADING, header:ignore, 0, 0, 0
266, minecraft:nether_fossil, HEADING, header:ignore, 0, 0, 0
267, minecraft:nether_fossil, MONSTER, alexsmobs:soul_vulture, 30, 1, 1
268, mvs:nether_well, HEADING, header:ignore, 0, 0, 0
269, mvs:oak_log_pile, HEADING, header:ignore, 0, 0, 0
270, mvs:oak_tree, HEADING, header:ignore, 0, 0, 0
271, mvs:oak_well, HEADING, header:ignore, 0, 0, 0
272, meadow:observation_post, HEADING, header:ignore, 0, 0, 0
273, meadow:observation_post, CREATURE, minecraft:pig, 10, 1, 4
274, betteroceanmonuments:ocean_monument, HEADING, header:ignore, 0, 0, 0
275, betteroceanmonuments:ocean_monument, MONSTER, minecraft:guardian, 10, 2, 4
276, minecraft:ocean_ruin_cold, HEADING, header:ignore, 0, 0, 0
277, minecraft:ocean_ruin_warm, HEADING, header:ignore, 0, 0, 0
278, mvs:ocean_tower, HEADING, header:ignore, 0, 0, 0
279, mvs:orange_stall, HEADING, header:ignore, 0, 0, 0
280, mvs:out_house, HEADING, header:ignore, 0, 0, 0
281, mvs:paths, HEADING, header:ignore, 0, 0, 0
282, mes:phantom_citadel, HEADING, header:ignore, 0, 0, 0
283, mvs:pile, HEADING, header:ignore, 0, 0, 0
284, minecraft:pillager_outpost, HEADING, header:ignore, 0, 0, 0
285, minecraft:pillager_outpost, MONSTER, minecraft:pillager, 10, 1, 1
286, towns_and_towers:pillager_outpost_badlands, HEADING, header:ignore, 0, 0, 0
287, towns_and_towers:pillager_outpost_badlands, MONSTER, minecraft:pillager, 10, 1, 2
288, towns_and_towers:pillager_outpost_beach, HEADING, header:ignore, 0, 0, 0
289, towns_and_towers:pillager_outpost_beach, MONSTER, minecraft:pillager, 10, 1, 2
290, towns_and_towers:pillager_outpost_birch_forest, HEADING, header:ignore, 0, 0, 0
291, towns_and_towers:pillager_outpost_birch_forest, MONSTER, minecraft:pillager, 10, 1, 2
292, towns_and_towers:pillager_outpost_desert, HEADING, header:ignore, 0, 0, 0
293, towns_and_towers:pillager_outpost_desert, MONSTER, minecraft:pillager, 10, 1, 2
294, towns_and_towers:pillager_outpost_flower_forest, HEADING, header:ignore, 0, 0, 0
295, towns_and_towers:pillager_outpost_flower_forest, MONSTER, minecraft:pillager, 10, 1, 2
296, towns_and_towers:pillager_outpost_forest, HEADING, header:ignore, 0, 0, 0
297, towns_and_towers:pillager_outpost_forest, MONSTER, minecraft:pillager, 10, 1, 2
298, towns_and_towers:pillager_outpost_grove, HEADING, header:ignore, 0, 0, 0
299, towns_and_towers:pillager_outpost_grove, MONSTER, minecraft:pillager, 10, 1, 2
300, towns_and_towers:pillager_outpost_jungle, HEADING, header:ignore, 0, 0, 0
301, towns_and_towers:pillager_outpost_jungle, MONSTER, minecraft:pillager, 10, 1, 2
302, towns_and_towers:pillager_outpost_meadow, HEADING, header:ignore, 0, 0, 0
303, towns_and_towers:pillager_outpost_meadow, MONSTER, minecraft:pillager, 10, 1, 2
304, towns_and_towers:pillager_outpost_mushroom_fields, HEADING, header:ignore, 0, 0, 0
305, towns_and_towers:pillager_outpost_ocean, HEADING, header:ignore, 0, 0, 0
306, towns_and_towers:pillager_outpost_ocean, MONSTER, minecraft:pillager, 10, 1, 2
307, towns_and_towers:pillager_outpost_old_growth_taiga, HEADING, header:ignore, 0, 0, 0
308, towns_and_towers:pillager_outpost_old_growth_taiga, MONSTER, minecraft:pillager, 10, 1, 2
309, towns_and_towers:pillager_outpost_savanna, HEADING, header:ignore, 0, 0, 0
310, towns_and_towers:pillager_outpost_savanna, MONSTER, minecraft:pillager, 10, 1, 2
311, towns_and_towers:pillager_outpost_savanna_plateau, HEADING, header:ignore, 0, 0, 0
312, towns_and_towers:pillager_outpost_savanna_plateau, MONSTER, minecraft:pillager, 10, 1, 2
313, towns_and_towers:pillager_outpost_snowy_beach, HEADING, header:ignore, 0, 0, 0
314, towns_and_towers:pillager_outpost_snowy_beach, MONSTER, minecraft:pillager, 10, 1, 2
315, towns_and_towers:pillager_outpost_snowy_plains, HEADING, header:ignore, 0, 0, 0
316, towns_and_towers:pillager_outpost_snowy_plains, MONSTER, minecraft:pillager, 10, 1, 2
317, towns_and_towers:pillager_outpost_snowy_slopes, HEADING, header:ignore, 0, 0, 0
318, towns_and_towers:pillager_outpost_snowy_slopes, MONSTER, minecraft:pillager, 10, 1, 2
319, towns_and_towers:pillager_outpost_snowy_taiga, HEADING, header:ignore, 0, 0, 0
320, towns_and_towers:pillager_outpost_snowy_taiga, MONSTER, minecraft:pillager, 10, 1, 2
321, towns_and_towers:pillager_outpost_sparse_jungle, HEADING, header:ignore, 0, 0, 0
322, towns_and_towers:pillager_outpost_sparse_jungle, MONSTER, minecraft:pillager, 10, 1, 2
323, towns_and_towers:pillager_outpost_sunflower_plains, HEADING, header:ignore, 0, 0, 0
324, towns_and_towers:pillager_outpost_sunflower_plains, MONSTER, minecraft:pillager, 10, 1, 2
325, towns_and_towers:pillager_outpost_swamp, HEADING, header:ignore, 0, 0, 0
326, towns_and_towers:pillager_outpost_swamp, MONSTER, minecraft:pillager, 10, 1, 2
327, towns_and_towers:pillager_outpost_taiga, HEADING, header:ignore, 0, 0, 0
328, towns_and_towers:pillager_outpost_taiga, MONSTER, minecraft:pillager, 10, 1, 2
329, towns_and_towers:pillager_outpost_wooded_badlands, HEADING, header:ignore, 0, 0, 0
330, towns_and_towers:pillager_outpost_wooded_badlands, MONSTER, minecraft:pillager, 10, 1, 2
331, galosphere:pink_salt_shrine, HEADING, header:ignore, 0, 0, 0
332, mvs:pink_stall, HEADING, header:ignore, 0, 0, 0
333, mes:placid_prairie, HEADING, header:ignore, 0, 0, 0
334, irons_spellbooks:pyromancer_tower, HEADING, header:ignore, 0, 0, 0
335, mvs:railway, HEADING, header:ignore, 0, 0, 0
336, mvs:rare_well, HEADING, header:ignore, 0, 0, 0
337, mvs:red_stall, HEADING, header:ignore, 0, 0, 0
338, mvs:red_tower, HEADING, header:ignore, 0, 0, 0
339, tetra:regular_ruin, HEADING, header:ignore, 0, 0, 0
340, tetra:regular_ruin, MONSTER, minecraft:stray, 10, 4, 16
341, beachparty:ritual_circle, HEADING, header:ignore, 0, 0, 0
342, mvs:rocky_well, HEADING, header:ignore, 0, 0, 0
343, mvs:ruined_beacon, HEADING, header:ignore, 0, 0, 0
344, mes:ruined_pillar, HEADING, header:ignore, 0, 0, 0
345, aether:ruined_portal, HEADING, header:ignore, 0, 0, 0
346, minecraft:ruined_portal, HEADING, header:ignore, 0, 0, 0
347, mns:ruined_portal, HEADING, header:ignore, 0, 0, 0
348, aether:ruined_portal_aether, HEADING, header:ignore, 0, 0, 0
349, aether:ruined_portal_desert, HEADING, header:ignore, 0, 0, 0
350, minecraft:ruined_portal_desert, HEADING, header:ignore, 0, 0, 0
351, aether:ruined_portal_jungle, HEADING, header:ignore, 0, 0, 0
352, minecraft:ruined_portal_jungle, HEADING, header:ignore, 0, 0, 0
353, aether:ruined_portal_mountain, HEADING, header:ignore, 0, 0, 0
354, minecraft:ruined_portal_mountain, HEADING, header:ignore, 0, 0, 0
355, minecraft:ruined_portal_nether, HEADING, header:ignore, 0, 0, 0
356, minecraft:ruined_portal_ocean, HEADING, header:ignore, 0, 0, 0
357, aether:ruined_portal_swamp, HEADING, header:ignore, 0, 0, 0
358, minecraft:ruined_portal_swamp, HEADING, header:ignore, 0, 0, 0
359, betterarcheology:ruins_sand, HEADING, header:ignore, 0, 0, 0
360, mns:sandy_skull, HEADING, header:ignore, 0, 0, 0
361, ancient_aether:sentry_laboratory, HEADING, header:ignore, 0, 0, 0
362, mvs:shed, HEADING, header:ignore, 0, 0, 0
363, minecraft:shipwreck, HEADING, header:ignore, 0, 0, 0
364, minecraft:shipwreck, MONSTER, alexsmobs:skelewag, 15, 1, 2
365, minecraft:shipwreck_beached, HEADING, header:ignore, 0, 0, 0
366, mns:shrine, HEADING, header:ignore, 0, 0, 0
367, aether:silver_dungeon, HEADING, header:ignore, 0, 0, 0
368, betterdungeons:skeleton_dungeon, HEADING, header:ignore, 0, 0, 0
369, betterdungeons:skeleton_dungeon, MONSTER, minecraft:skeleton, 80, 4, 15
370, mvs:small_acacia_lantern, HEADING, header:ignore, 0, 0, 0
371, mvs:small_bamboo_lantern, HEADING, header:ignore, 0, 0, 0
372, mvs:small_birch_lantern, HEADING, header:ignore, 0, 0, 0
373, mvs:small_campfire_lantern, HEADING, header:ignore, 0, 0, 0
374, mvs:small_cherry_lantern, HEADING, header:ignore, 0, 0, 0
375, mvs:small_copper_well, HEADING, header:ignore, 0, 0, 0
376, mvs:small_dark_oak_lantern, HEADING, header:ignore, 0, 0, 0
377, betterdungeons:small_dungeon, HEADING, header:ignore, 0, 0, 0
378, mvs:small_igloo, HEADING, header:ignore, 0, 0, 0
379, mvs:small_jungle_lantern, HEADING, header:ignore, 0, 0, 0
380, mvs:small_mangrove_lantern, HEADING, header:ignore, 0, 0, 0
381, mns:small_nether_brick, HEADING, header:ignore, 0, 0, 0
382, betterdungeons:small_nether_dungeon, HEADING, header:ignore, 0, 0, 0
383, mvs:small_oak_lantern, HEADING, header:ignore, 0, 0, 0
384, mvs:small_oak_pond, HEADING, header:ignore, 0, 0, 0
385, mvs:small_pillager_tower, HEADING, header:ignore, 0, 0, 0
386, mvs:small_ruin, HEADING, header:ignore, 0, 0, 0
387, mvs:small_ship, HEADING, header:ignore, 0, 0, 0
388, mvs:small_spruce_lantern, HEADING, header:ignore, 0, 0, 0
389, mvs:small_swamp_house, HEADING, header:ignore, 0, 0, 0
390, mvs:small_tower_well, HEADING, header:ignore, 0, 0, 0
391, mvs:small_well, HEADING, header:ignore, 0, 0, 0
392, mns:smoking_shrine, HEADING, header:ignore, 0, 0, 0
393, mvs:snowy_dog_hut, HEADING, header:ignore, 0, 0, 0
394, mvs:snowy_fossil, HEADING, header:ignore, 0, 0, 0
395, mvs:snowy_well, HEADING, header:ignore, 0, 0, 0
396, mns:soul_fire, HEADING, header:ignore, 0, 0, 0
397, betterdungeons:spider_dungeon, HEADING, header:ignore, 0, 0, 0
398, betterdungeons:spider_dungeon, MONSTER, minecraft:spider, 80, 4, 15
399, betterdungeons:spider_dungeon, MONSTER, minecraft:cave_spider, 50, 4, 8
400, mvs:spruce_log_pile, HEADING, header:ignore, 0, 0, 0
401, mvs:spruce_tree, HEADING, header:ignore, 0, 0, 0
402, mvs:spruce_well, HEADING, header:ignore, 0, 0, 0
403, mes:starlight_voyager, HEADING, header:ignore, 0, 0, 0
404, mvs:statue_ruins, HEADING, header:ignore, 0, 0, 0
405, mvs:stone_fountain, HEADING, header:ignore, 0, 0, 0
406, mvs:stone_pillars, HEADING, header:ignore, 0, 0, 0
407, mvs:stone_rock, HEADING, header:ignore, 0, 0, 0
408, betterarcheology:stonehenge_grassy, HEADING, header:ignore, 0, 0, 0
409, betterstrongholds:stronghold, HEADING, header:ignore, 0, 0, 0
410, minecraft:stronghold, HEADING, header:ignore, 0, 0, 0
411, ancient_aether:sun_well, HEADING, header:ignore, 0, 0, 0
412, mvs:sunzi_gate, HEADING, header:ignore, 0, 0, 0
413, minecraft:swamp_hut, HEADING, header:ignore, 0, 0, 0
414, minecraft:swamp_hut, MONSTER, minecraft:witch, 10, 1, 1
415, minecraft:swamp_hut, CREATURE, minecraft:cat, 10, 1, 1
416, mns:sword, HEADING, header:ignore, 0, 0, 0
417, mvs:tall_house, HEADING, header:ignore, 0, 0, 0
418, betterarcheology:temple_jungle, HEADING, header:ignore, 0, 0, 0
419, minecraft:trail_ruins, HEADING, header:ignore, 0, 0, 0
420, mns:train, HEADING, header:ignore, 0, 0, 0
421, mvs:tree_monument, HEADING, header:ignore, 0, 0, 0
422, betterarcheology:tumulus_grassy, HEADING, header:ignore, 0, 0, 0
423, betterarcheology:underwater_0, HEADING, header:ignore, 0, 0, 0
424, betterarcheology:underwater_1, HEADING, header:ignore, 0, 0, 0
425, betterarcheology:underwater_2, HEADING, header:ignore, 0, 0, 0
426, betterarcheology:underwater_3, HEADING, header:ignore, 0, 0, 0
427, ancient_aether:valkyrie_camp_skyroot, HEADING, header:ignore, 0, 0, 0
428, ancient_aether:valkyrie_camp_wyndcaps, HEADING, header:ignore, 0, 0, 0
429, ancient_aether:valkyrie_settlement_skyroot, HEADING, header:ignore, 0, 0, 0
430, mns:very_small_blackstone, HEADING, header:ignore, 0, 0, 0
431, mns:very_small_blackstone_2, HEADING, header:ignore, 0, 0, 0
432, mns:very_small_blackstone_3, HEADING, header:ignore, 0, 0, 0
433, mns:very_small_blackstone_4, HEADING, header:ignore, 0, 0, 0
434, mns:very_small_nether_brick, HEADING, header:ignore, 0, 0, 0
435, mns:very_small_nether_brick_2, HEADING, header:ignore, 0, 0, 0
436, mns:very_small_nether_brick_3, HEADING, header:ignore, 0, 0, 0
437, towns_and_towers:village_badlands, HEADING, header:ignore, 0, 0, 0
438, towns_and_towers:village_beach, HEADING, header:ignore, 0, 0, 0
439, towns_and_towers:village_birch_forest, HEADING, header:ignore, 0, 0, 0
440, minecraft:village_desert, HEADING, header:ignore, 0, 0, 0
441, towns_and_towers:village_flower_forest, HEADING, header:ignore, 0, 0, 0
442, towns_and_towers:village_forest, HEADING, header:ignore, 0, 0, 0
443, towns_and_towers:village_grove, HEADING, header:ignore, 0, 0, 0
444, mmv:village_jungle, HEADING, header:ignore, 0, 0, 0
445, towns_and_towers:village_jungle, HEADING, header:ignore, 0, 0, 0
446, towns_and_towers:village_meadow, HEADING, header:ignore, 0, 0, 0
447, towns_and_towers:village_mushroom_fields, HEADING, header:ignore, 0, 0, 0
448, joshie:village_ocean, HEADING, header:ignore, 0, 0, 0
449, towns_and_towers:village_ocean, HEADING, header:ignore, 0, 0, 0
450, towns_and_towers:village_old_growth_taiga, HEADING, header:ignore, 0, 0, 0
451, minecraft:village_plains, HEADING, header:ignore, 0, 0, 0
452, minecraft:village_savanna, HEADING, header:ignore, 0, 0, 0
453, towns_and_towers:village_savanna_plateau, HEADING, header:ignore, 0, 0, 0
454, minecraft:village_snowy, HEADING, header:ignore, 0, 0, 0
455, towns_and_towers:village_snowy_slopes, HEADING, header:ignore, 0, 0, 0
456, towns_and_towers:village_snowy_taiga, HEADING, header:ignore, 0, 0, 0
457, towns_and_towers:village_sparse_jungle, HEADING, header:ignore, 0, 0, 0
458, towns_and_towers:village_sunflower_plains, HEADING, header:ignore, 0, 0, 0
459, mmv:village_swamp, HEADING, header:ignore, 0, 0, 0
460, towns_and_towers:village_swamp, HEADING, header:ignore, 0, 0, 0
461, minecraft:village_taiga, HEADING, header:ignore, 0, 0, 0
462, towns_and_towers:village_wooded_badlands, HEADING, header:ignore, 0, 0, 0
463, betterarcheology:villager_grave, HEADING, header:ignore, 0, 0, 0
464, mvs:villager_statue, HEADING, header:ignore, 0, 0, 0
465, mns:warped_dome, HEADING, header:ignore, 0, 0, 0
466, mvs:warped_house, HEADING, header:ignore, 0, 0, 0
467, mns:warped_pool, HEADING, header:ignore, 0, 0, 0
468, supplementaries:way_sign, HEADING, header:ignore, 0, 0, 0
469, mvs:well, HEADING, header:ignore, 0, 0, 0
470, mvs:wheat_grain_bin, HEADING, header:ignore, 0, 0, 0
471, mvs:windmill, HEADING, header:ignore, 0, 0, 0
472, betterwitchhuts:witch_circle, HEADING, header:ignore, 0, 0, 0
473, betterwitchhuts:witch_circle, MONSTER, minecraft:witch, 10, 1, 1
474, betterwitchhuts:witch_circle, CREATURE, minecraft:cat, 10, 1, 1
475, betterwitchhuts:witch_hut, HEADING, header:ignore, 0, 0, 0
476, betterwitchhuts:witch_hut, MONSTER, minecraft:witch, 10, 1, 1
477, betterwitchhuts:witch_hut, CREATURE, minecraft:cat, 10, 1, 1
478, mvs:wooden_wheat_farm, HEADING, header:ignore, 0, 0, 0
479, towns_and_towers:wreckage_ocean, HEADING, header:ignore, 0, 0, 0
480, betterdungeons:zombie_dungeon, HEADING, header:ignore, 0, 0, 0
481, betterdungeons:zombie_dungeon, MONSTER, minecraft:zombie, 80, 4, 15
